<?xml version="1.0" encoding="UTF-8"?>
<!-- Generated by org.testng.reporters.JUnitReportReporter -->
<testsuite hostname="WLAP-93" failures="0" tests="7" name="loginTest.Test1" time="40.580" errors="0" timestamp="2023-04-07T14:53:03 IST" skipped="0">
  <testcase classname="loginTest.Test1" name="enter_URL" time="11.660"/>
  <system-out/>
  <testcase classname="loginTest.Test1" name="click_Login" time="3.714"/>
  <system-out/>
  <testcase classname="loginTest.Test1" name="enter_Credentials" time="4.579"/>
  <system-out/>
  <testcase classname="loginTest.Test1" name="enter_Credentials" time="4.765"/>
  <system-out/>
  <testcase classname="loginTest.Test1" name="enter_Credentials" time="4.617"/>
  <system-out/>
  <testcase classname="loginTest.Test1" name="submit_Login" time="4.729"/>
  <system-out/>
  <testcase classname="loginTest.Test1" name="return_LoginPage" time="6.516"/>
  <system-out/>
</testsuite> <!-- loginTest.Test1 -->
