<?xml version="1.0" encoding="UTF-8"?>
<!-- Generated by org.testng.reporters.JUnitReportReporter -->
<testsuite hostname="WLAP-93" failures="0" tests="3" name="testArtifact.Cases_Test" time="19.989" errors="0" timestamp="31 Mar 2023 11:10:28 GMT" skipped="0">
  <testcase classname="testArtifact.Cases_Test" name="Case1" time="7.700"/>
  <testcase classname="testArtifact.Cases_Test" name="Case4" time="8.519"/>
  <testcase classname="testArtifact.Cases_Test" name="Case3" time="3.770"/>
</testsuite> <!-- testArtifact.Cases_Test -->
