<?xml version="1.0" encoding="UTF-8"?>
<!-- Generated by org.testng.reporters.JUnitReportReporter -->
<testsuite skipped="0" hostname="WLAP-93" name="com.waitlist.testCases.TC_LoginTest_002_DataDriven" tests="6" failures="0" timestamp="2023-04-10T19:52:01 IST" time="67.330" errors="0">
  <testcase name="loginDDT" time="14.910" classname="com.waitlist.testCases.TC_LoginTest_002_DataDriven"/>
  <system-out/>
  <testcase name="loginDDT" time="9.034" classname="com.waitlist.testCases.TC_LoginTest_002_DataDriven"/>
  <system-out/>
  <testcase name="loginDDT" time="8.528" classname="com.waitlist.testCases.TC_LoginTest_002_DataDriven"/>
  <system-out/>
  <testcase name="loginDDT" time="9.019" classname="com.waitlist.testCases.TC_LoginTest_002_DataDriven"/>
  <system-out/>
  <testcase name="loginDDT" time="8.493" classname="com.waitlist.testCases.TC_LoginTest_002_DataDriven"/>
  <system-out/>
  <testcase name="loginDDT" time="17.346" classname="com.waitlist.testCases.TC_LoginTest_002_DataDriven"/>
  <system-out/>
</testsuite> <!-- com.waitlist.testCases.TC_LoginTest_002_DataDriven -->
