<?xml version="1.0" encoding="UTF-8"?>
<!-- Generated by org.testng.reporters.JUnitReportReporter -->
<testsuite skipped="0" hostname="WLAP-93" name="com.waitlist.testCases.TC_SignupTest_003" tests="2" failures="0" timestamp="2023-04-10T19:52:01 IST" time="41.051" errors="0">
  <testcase name="signupTest" time="21.326" classname="com.waitlist.testCases.TC_SignupTest_003"/>
  <system-out/>
  <testcase name="signupTest" time="19.725" classname="com.waitlist.testCases.TC_SignupTest_003"/>
  <system-out/>
</testsuite> <!-- com.waitlist.testCases.TC_SignupTest_003 -->
