<?xml version="1.0" encoding="UTF-8"?>
<!-- Generated by org.testng.reporters.JUnitReportReporter -->
<testsuite skipped="0" hostname="WLAP-93" name="com.waitlist.testCases.TC_LoginTest_001" tests="2" failures="0" timestamp="2023-04-10T19:52:01 IST" time="24.638" errors="0">
  <testcase name="loginTest" time="12.533" classname="com.waitlist.testCases.TC_LoginTest_001"/>
  <system-out/>
  <testcase name="loginTest" time="12.105" classname="com.waitlist.testCases.TC_LoginTest_001"/>
  <system-out/>
</testsuite> <!-- com.waitlist.testCases.TC_LoginTest_001 -->
